{"C:\\Projects\\pichincha-bank\\app\\index.tsx": {"path":"C:\\Projects\\pichincha-bank\\app\\index.tsx","statementMap":{"0":{"start":{"line":8,"column":26},"end":{"line":8,"column":54}},"1":{"start":{"line":10,"column":4},"end":{"line":10,"column":32}}},"fnMap":{"0":{"name":"Index","decl":{"start":{"line":7,"column":24},"end":{"line":7,"column":29}},"loc":{"start":{"line":7,"column":32},"end":{"line":11,"column":1}},"line":7}},"branchMap":{"0":{"loc":{"start":{"line":8,"column":12},"end":{"line":8,"column":21}},"type":"default-arg","locations":[{"start":{"line":8,"column":19},"end":{"line":8,"column":21}}],"line":8}},"s":{"0":4,"1":4},"f":{"0":4},"b":{"0":[0]},"_coverageSchema":"1a1c01bbd47fc00a2c39e90264f33305004495a9","hash":"483d1f4244f02544884f33d432d9592f6e9fd2f2"}
,"C:\\Projects\\pichincha-bank\\components\\Button.tsx": {"path":"C:\\Projects\\pichincha-bank\\components\\Button.tsx","statementMap":{"0":{"start":{"line":14,"column":32},"end":{"line":31,"column":1}},"1":{"start":{"line":20,"column":4},"end":{"line":30,"column":6}},"2":{"start":{"line":35,"column":15},"end":{"line":48,"column":2}}},"fnMap":{"0":{"name":"(anonymous_0)","decl":{"start":{"line":14,"column":32},"end":{"line":14,"column":33}},"loc":{"start":{"line":19,"column":6},"end":{"line":31,"column":1}},"line":19}},"branchMap":{"0":{"loc":{"start":{"line":16,"column":4},"end":{"line":16,"column":23}},"type":"default-arg","locations":[{"start":{"line":16,"column":16},"end":{"line":16,"column":23}}],"line":16},"1":{"loc":{"start":{"line":17,"column":4},"end":{"line":17,"column":23}},"type":"default-arg","locations":[{"start":{"line":17,"column":14},"end":{"line":17,"column":23}}],"line":17}},"s":{"0":4,"1":9,"2":4},"f":{"0":9},"b":{"0":[9],"1":[8]},"_coverageSchema":"1a1c01bbd47fc00a2c39e90264f33305004495a9","hash":"8bab2958e75a348d5ce26783607644d1e0e9f957"}
,"C:\\Projects\\pichincha-bank\\components\\Input.tsx": {"path":"C:\\Projects\\pichincha-bank\\components\\Input.tsx","statementMap":{"0":{"start":{"line":17,"column":30},"end":{"line":59,"column":1}},"1":{"start":{"line":26,"column":4},"end":{"line":58,"column":6}},"2":{"start":{"line":63,"column":15},"end":{"line":97,"column":2}}},"fnMap":{"0":{"name":"(anonymous_0)","decl":{"start":{"line":17,"column":30},"end":{"line":17,"column":31}},"loc":{"start":{"line":25,"column":6},"end":{"line":59,"column":1}},"line":25}},"branchMap":{"0":{"loc":{"start":{"line":28,"column":13},"end":{"line":32,"column":20}},"type":"cond-expr","locations":[{"start":{"line":29,"column":16},"end":{"line":31,"column":23}},{"start":{"line":32,"column":16},"end":{"line":32,"column":20}}],"line":28},"1":{"loc":{"start":{"line":36,"column":20},"end":{"line":36,"column":59}},"type":"binary-expr","locations":[{"start":{"line":36,"column":20},"end":{"line":36,"column":28}},{"start":{"line":36,"column":32},"end":{"line":36,"column":59}}],"line":36},"2":{"loc":{"start":{"line":37,"column":20},"end":{"line":37,"column":58}},"type":"binary-expr","locations":[{"start":{"line":37,"column":20},"end":{"line":37,"column":35}},{"start":{"line":37,"column":39},"end":{"line":37,"column":58}}],"line":37},"3":{"loc":{"start":{"line":52,"column":13},"end":{"line":56,"column":20}},"type":"cond-expr","locations":[{"start":{"line":53,"column":16},"end":{"line":55,"column":23}},{"start":{"line":56,"column":16},"end":{"line":56,"column":20}}],"line":52}},"s":{"0":4,"1":17,"2":4},"f":{"0":17},"b":{"0":[10,7],"1":[17,1],"2":[17,4],"3":[4,13]},"_coverageSchema":"1a1c01bbd47fc00a2c39e90264f33305004495a9","hash":"67d086861b8269af25b48a8d0a1605115bfbbd8d"}
,"C:\\Projects\\pichincha-bank\\components\\Layout.tsx": {"path":"C:\\Projects\\pichincha-bank\\components\\Layout.tsx","statementMap":{"0":{"start":{"line":13,"column":32},"end":{"line":25,"column":1}},"1":{"start":{"line":14,"column":4},"end":{"line":24,"column":6}},"2":{"start":{"line":29,"column":15},"end":{"line":49,"column":2}}},"fnMap":{"0":{"name":"(anonymous_0)","decl":{"start":{"line":13,"column":32},"end":{"line":13,"column":33}},"loc":{"start":{"line":13,"column":50},"end":{"line":25,"column":1}},"line":13}},"branchMap":{},"s":{"0":3,"1":7,"2":3},"f":{"0":7},"b":{},"_coverageSchema":"1a1c01bbd47fc00a2c39e90264f33305004495a9","hash":"a7c8138c7643d7a967f6dff6fffef338cae7574d"}
,"C:\\Projects\\pichincha-bank\\components\\Modal.tsx": {"path":"C:\\Projects\\pichincha-bank\\components\\Modal.tsx","statementMap":{"0":{"start":{"line":15,"column":26},"end":{"line":15,"column":69}},"1":{"start":{"line":23,"column":30},"end":{"line":54,"column":1}},"2":{"start":{"line":24,"column":4},"end":{"line":24,"column":27}},"3":{"start":{"line":24,"column":15},"end":{"line":24,"column":27}},"4":{"start":{"line":26,"column":4},"end":{"line":53,"column":6}},"5":{"start":{"line":58,"column":15},"end":{"line":83,"column":2}}},"fnMap":{"0":{"name":"(anonymous_0)","decl":{"start":{"line":23,"column":30},"end":{"line":23,"column":31}},"loc":{"start":{"line":23,"column":64},"end":{"line":54,"column":1}},"line":23}},"branchMap":{"0":{"loc":{"start":{"line":24,"column":4},"end":{"line":24,"column":27}},"type":"if","locations":[{"start":{"line":24,"column":4},"end":{"line":24,"column":27}},{"start":{},"end":{}}],"line":24}},"s":{"0":1,"1":1,"2":3,"3":1,"4":2,"5":1},"f":{"0":3},"b":{"0":[1,2]},"_coverageSchema":"1a1c01bbd47fc00a2c39e90264f33305004495a9","hash":"d0bcf7c0e13ea31aa0b8d4db843b96e4138d7ea9"}
,"C:\\Projects\\pichincha-bank\\hooks\\index.ts": {"path":"C:\\Projects\\pichincha-bank\\hooks\\index.ts","statementMap":{},"fnMap":{},"branchMap":{},"s":{},"f":{},"b":{},"_coverageSchema":"1a1c01bbd47fc00a2c39e90264f33305004495a9","hash":"5ba271982f595d19d04c9ffdfe96b3e1d8d4541a"}
,"C:\\Projects\\pichincha-bank\\hooks\\useProducts.ts": {"path":"C:\\Projects\\pichincha-bank\\hooks\\useProducts.ts","statementMap":{"0":{"start":{"line":8,"column":12},"end":{"line":8,"column":22}},"1":{"start":{"line":10,"column":30},"end":{"line":19,"column":6}},"2":{"start":{"line":11,"column":4},"end":{"line":19,"column":6}},"3":{"start":{"line":21,"column":41},"end":{"line":26,"column":1}},"4":{"start":{"line":22,"column":24},"end":{"line":22,"column":40}},"5":{"start":{"line":23,"column":18},"end":{"line":23,"column":74}},"6":{"start":{"line":25,"column":4},"end":{"line":25,"column":43}},"7":{"start":{"line":25,"column":30},"end":{"line":25,"column":41}},"8":{"start":{"line":28,"column":34},"end":{"line":32,"column":6}},"9":{"start":{"line":29,"column":4},"end":{"line":32,"column":6}},"10":{"start":{"line":34,"column":32},"end":{"line":39,"column":6}},"11":{"start":{"line":35,"column":4},"end":{"line":39,"column":6}},"12":{"start":{"line":37,"column":12},"end":{"line":37,"column":58}},"13":{"start":{"line":41,"column":32},"end":{"line":52,"column":6}},"14":{"start":{"line":42,"column":4},"end":{"line":52,"column":6}},"15":{"start":{"line":50,"column":12},"end":{"line":50,"column":64}},"16":{"start":{"line":54,"column":34},"end":{"line":59,"column":6}},"17":{"start":{"line":55,"column":4},"end":{"line":59,"column":6}},"18":{"start":{"line":57,"column":12},"end":{"line":57,"column":55}}},"fnMap":{"0":{"name":"(anonymous_0)","decl":{"start":{"line":10,"column":30},"end":{"line":10,"column":31}},"loc":{"start":{"line":11,"column":4},"end":{"line":19,"column":6}},"line":11},"1":{"name":"(anonymous_1)","decl":{"start":{"line":21,"column":41},"end":{"line":21,"column":42}},"loc":{"start":{"line":21,"column":57},"end":{"line":26,"column":1}},"line":21},"2":{"name":"(anonymous_2)","decl":{"start":{"line":25,"column":23},"end":{"line":25,"column":24}},"loc":{"start":{"line":25,"column":30},"end":{"line":25,"column":41}},"line":25},"3":{"name":"(anonymous_3)","decl":{"start":{"line":28,"column":34},"end":{"line":28,"column":35}},"loc":{"start":{"line":29,"column":4},"end":{"line":32,"column":6}},"line":29},"4":{"name":"(anonymous_4)","decl":{"start":{"line":34,"column":32},"end":{"line":34,"column":33}},"loc":{"start":{"line":35,"column":4},"end":{"line":39,"column":6}},"line":35},"5":{"name":"(anonymous_5)","decl":{"start":{"line":36,"column":20},"end":{"line":36,"column":21}},"loc":{"start":{"line":36,"column":56},"end":{"line":38,"column":9}},"line":36},"6":{"name":"(anonymous_6)","decl":{"start":{"line":41,"column":32},"end":{"line":41,"column":33}},"loc":{"start":{"line":42,"column":4},"end":{"line":52,"column":6}},"line":42},"7":{"name":"(anonymous_7)","decl":{"start":{"line":43,"column":20},"end":{"line":43,"column":21}},"loc":{"start":{"line":49,"column":14},"end":{"line":51,"column":9}},"line":49},"8":{"name":"(anonymous_8)","decl":{"start":{"line":54,"column":34},"end":{"line":54,"column":35}},"loc":{"start":{"line":55,"column":4},"end":{"line":59,"column":6}},"line":55},"9":{"name":"(anonymous_9)","decl":{"start":{"line":56,"column":20},"end":{"line":56,"column":21}},"loc":{"start":{"line":56,"column":36},"end":{"line":58,"column":9}},"line":56}},"branchMap":{},"s":{"0":1,"1":1,"2":2,"3":1,"4":1,"5":1,"6":1,"7":2,"8":1,"9":2,"10":1,"11":3,"12":1,"13":1,"14":3,"15":1,"16":1,"17":3,"18":1},"f":{"0":2,"1":1,"2":2,"3":2,"4":3,"5":1,"6":3,"7":1,"8":3,"9":1},"b":{},"_coverageSchema":"1a1c01bbd47fc00a2c39e90264f33305004495a9","hash":"df679241a6905b6e1b32c2afad585524233cfc23"}
,"C:\\Projects\\pichincha-bank\\services\\index.ts": {"path":"C:\\Projects\\pichincha-bank\\services\\index.ts","statementMap":{},"fnMap":{},"branchMap":{},"s":{},"f":{},"b":{},"_coverageSchema":"1a1c01bbd47fc00a2c39e90264f33305004495a9","hash":"e207a2dab328576f981d860b971e55c20cdec9d1"}
,"C:\\Projects\\pichincha-bank\\services\\products.service.ts": {"path":"C:\\Projects\\pichincha-bank\\services\\products.service.ts","statementMap":{"0":{"start":{"line":9,"column":27},"end":{"line":15,"column":1}},"1":{"start":{"line":9,"column":33},"end":{"line":15,"column":1}},"2":{"start":{"line":10,"column":21},"end":{"line":12,"column":5}},"3":{"start":{"line":14,"column":4},"end":{"line":14,"column":16}},"4":{"start":{"line":17,"column":31},"end":{"line":25,"column":1}},"5":{"start":{"line":17,"column":47},"end":{"line":25,"column":1}},"6":{"start":{"line":18,"column":21},"end":{"line":22,"column":6}},"7":{"start":{"line":24,"column":4},"end":{"line":24,"column":16}},"8":{"start":{"line":27,"column":29},"end":{"line":34,"column":1}},"9":{"start":{"line":28,"column":21},"end":{"line":31,"column":5}},"10":{"start":{"line":33,"column":4},"end":{"line":33,"column":16}},"11":{"start":{"line":36,"column":31},"end":{"line":47,"column":1}},"12":{"start":{"line":40,"column":21},"end":{"line":44,"column":6}},"13":{"start":{"line":46,"column":4},"end":{"line":46,"column":16}},"14":{"start":{"line":49,"column":31},"end":{"line":57,"column":1}},"15":{"start":{"line":50,"column":21},"end":{"line":54,"column":6}},"16":{"start":{"line":56,"column":4},"end":{"line":56,"column":16}}},"fnMap":{"0":{"name":"(anonymous_0)","decl":{"start":{"line":9,"column":27},"end":{"line":9,"column":28}},"loc":{"start":{"line":9,"column":33},"end":{"line":15,"column":1}},"line":9},"1":{"name":"(anonymous_1)","decl":{"start":{"line":9,"column":33},"end":{"line":9,"column":34}},"loc":{"start":{"line":9,"column":45},"end":{"line":15,"column":1}},"line":9},"2":{"name":"(anonymous_2)","decl":{"start":{"line":17,"column":31},"end":{"line":17,"column":32}},"loc":{"start":{"line":17,"column":47},"end":{"line":25,"column":1}},"line":17},"3":{"name":"(anonymous_3)","decl":{"start":{"line":17,"column":47},"end":{"line":17,"column":48}},"loc":{"start":{"line":17,"column":59},"end":{"line":25,"column":1}},"line":17},"4":{"name":"(anonymous_4)","decl":{"start":{"line":27,"column":29},"end":{"line":27,"column":30}},"loc":{"start":{"line":27,"column":71},"end":{"line":34,"column":1}},"line":27},"5":{"name":"(anonymous_5)","decl":{"start":{"line":36,"column":31},"end":{"line":36,"column":32}},"loc":{"start":{"line":39,"column":5},"end":{"line":47,"column":1}},"line":39},"6":{"name":"(anonymous_6)","decl":{"start":{"line":49,"column":31},"end":{"line":49,"column":32}},"loc":{"start":{"line":49,"column":53},"end":{"line":57,"column":1}},"line":49}},"branchMap":{},"s":{"0":1,"1":2,"2":1,"3":1,"4":1,"5":2,"6":1,"7":1,"8":1,"9":1,"10":1,"11":1,"12":1,"13":1,"14":1,"15":1,"16":1},"f":{"0":2,"1":1,"2":2,"3":1,"4":1,"5":1,"6":1},"b":{},"_coverageSchema":"1a1c01bbd47fc00a2c39e90264f33305004495a9","hash":"dca6f2b56ecafbfc8cbcc39d3903c0ba4e0d3b48"}
,"C:\\Projects\\pichincha-bank\\services\\urls.ts": {"path":"C:\\Projects\\pichincha-bank\\services\\urls.ts","statementMap":{"0":{"start":{"line":1,"column":16},"end":{"line":9,"column":10}}},"fnMap":{},"branchMap":{},"s":{"0":1},"f":{},"b":{},"_coverageSchema":"1a1c01bbd47fc00a2c39e90264f33305004495a9","hash":"505b4c6d220bb741e8b34f8a7346bd07c7e668ea"}
,"C:\\Projects\\pichincha-bank\\theme\\palette.ts": {"path":"C:\\Projects\\pichincha-bank\\theme\\palette.ts","statementMap":{"0":{"start":{"line":1,"column":14},"end":{"line":9,"column":10}}},"fnMap":{},"branchMap":{},"s":{"0":6},"f":{},"b":{},"_coverageSchema":"1a1c01bbd47fc00a2c39e90264f33305004495a9","hash":"1f42218815dc8ca8443c205bf7e5a00591b9dd2b"}
,"C:\\Projects\\pichincha-bank\\utils\\fetcher.ts": {"path":"C:\\Projects\\pichincha-bank\\utils\\fetcher.ts","statementMap":{"0":{"start":{"line":3,"column":26},"end":{"line":9,"column":1}},"1":{"start":{"line":4,"column":4},"end":{"line":7,"column":5}},"2":{"start":{"line":5,"column":20},"end":{"line":5,"column":61}},"3":{"start":{"line":6,"column":8},"end":{"line":6,"column":18}},"4":{"start":{"line":8,"column":4},"end":{"line":8,"column":22}},"5":{"start":{"line":11,"column":15},"end":{"line":18,"column":2}}},"fnMap":{"0":{"name":"(anonymous_0)","decl":{"start":{"line":3,"column":26},"end":{"line":3,"column":27}},"loc":{"start":{"line":3,"column":51},"end":{"line":9,"column":1}},"line":3}},"branchMap":{"0":{"loc":{"start":{"line":4,"column":4},"end":{"line":7,"column":5}},"type":"if","locations":[{"start":{"line":4,"column":4},"end":{"line":7,"column":5}},{"start":{},"end":{}}],"line":4}},"s":{"0":3,"1":4,"2":1,"3":1,"4":3,"5":3},"f":{"0":4},"b":{"0":[1,3]},"_coverageSchema":"1a1c01bbd47fc00a2c39e90264f33305004495a9","hash":"9477430737c36bffbc960fc322210ef0a672d41b"}
,"C:\\Projects\\pichincha-bank\\utils\\formatDate.ts": {"path":"C:\\Projects\\pichincha-bank\\utils\\formatDate.ts","statementMap":{"0":{"start":{"line":3,"column":19},"end":{"line":6,"column":1}},"1":{"start":{"line":4,"column":4},"end":{"line":4,"column":25}},"2":{"start":{"line":4,"column":15},"end":{"line":4,"column":25}},"3":{"start":{"line":5,"column":4},"end":{"line":5,"column":48}}},"fnMap":{"0":{"name":"(anonymous_0)","decl":{"start":{"line":3,"column":19},"end":{"line":3,"column":20}},"loc":{"start":{"line":3,"column":45},"end":{"line":6,"column":1}},"line":3}},"branchMap":{"0":{"loc":{"start":{"line":4,"column":4},"end":{"line":4,"column":25}},"type":"if","locations":[{"start":{"line":4,"column":4},"end":{"line":4,"column":25}},{"start":{},"end":{}}],"line":4}},"s":{"0":2,"1":6,"2":2,"3":4},"f":{"0":6},"b":{"0":[2,4]},"_coverageSchema":"1a1c01bbd47fc00a2c39e90264f33305004495a9","hash":"9276dfc2c478a7305f56f5efa8c7e015b432a16a"}
,"C:\\Projects\\pichincha-bank\\utils\\index.ts": {"path":"C:\\Projects\\pichincha-bank\\utils\\index.ts","statementMap":{},"fnMap":{},"branchMap":{},"s":{},"f":{},"b":{},"_coverageSchema":"1a1c01bbd47fc00a2c39e90264f33305004495a9","hash":"a502ff97f39a3a8475e4d0e71d9dc5800282ad31"}
,"C:\\Projects\\pichincha-bank\\views\\Form\\Form.tsx": {"path":"C:\\Projects\\pichincha-bank\\views\\Form\\Form.tsx","statementMap":{"0":{"start":{"line":26,"column":28},"end":{"line":181,"column":1}},"1":{"start":{"line":27,"column":23},"end":{"line":80,"column":6}},"2":{"start":{"line":42,"column":16},"end":{"line":44,"column":17}},"3":{"start":{"line":43,"column":20},"end":{"line":43,"column":33}},"4":{"start":{"line":45,"column":31},"end":{"line":49,"column":17}},"5":{"start":{"line":50,"column":16},"end":{"line":50,"column":30}},"6":{"start":{"line":62,"column":16},"end":{"line":64,"column":17}},"7":{"start":{"line":63,"column":20},"end":{"line":63,"column":33}},"8":{"start":{"line":65,"column":31},"end":{"line":69,"column":17}},"9":{"start":{"line":70,"column":16},"end":{"line":70,"column":30}},"10":{"start":{"line":82,"column":25},"end":{"line":84,"column":5}},"11":{"start":{"line":83,"column":8},"end":{"line":83,"column":25}},"12":{"start":{"line":86,"column":4},"end":{"line":180,"column":6}},"13":{"start":{"line":110,"column":20},"end":{"line":176,"column":27}}},"fnMap":{"0":{"name":"(anonymous_0)","decl":{"start":{"line":26,"column":28},"end":{"line":26,"column":29}},"loc":{"start":{"line":26,"column":55},"end":{"line":181,"column":1}},"line":26},"1":{"name":"(anonymous_1)","decl":{"start":{"line":41,"column":23},"end":{"line":41,"column":24}},"loc":{"start":{"line":41,"column":55},"end":{"line":51,"column":13}},"line":41},"2":{"name":"(anonymous_2)","decl":{"start":{"line":61,"column":23},"end":{"line":61,"column":24}},"loc":{"start":{"line":61,"column":55},"end":{"line":71,"column":13}},"line":61},"3":{"name":"(anonymous_3)","decl":{"start":{"line":82,"column":25},"end":{"line":82,"column":26}},"loc":{"start":{"line":82,"column":60},"end":{"line":84,"column":5}},"line":82},"4":{"name":"(anonymous_4)","decl":{"start":{"line":102,"column":17},"end":{"line":102,"column":18}},"loc":{"start":{"line":110,"column":20},"end":{"line":176,"column":27}},"line":110}},"branchMap":{"0":{"loc":{"start":{"line":42,"column":16},"end":{"line":44,"column":17}},"type":"if","locations":[{"start":{"line":42,"column":16},"end":{"line":44,"column":17}},{"start":{},"end":{}}],"line":42},"1":{"loc":{"start":{"line":48,"column":20},"end":{"line":48,"column":74}},"type":"cond-expr","locations":[{"start":{"line":48,"column":30},"end":{"line":48,"column":61}},{"start":{"line":48,"column":64},"end":{"line":48,"column":74}}],"line":48},"2":{"loc":{"start":{"line":56,"column":20},"end":{"line":56,"column":74}},"type":"cond-expr","locations":[{"start":{"line":56,"column":30},"end":{"line":56,"column":61}},{"start":{"line":56,"column":64},"end":{"line":56,"column":74}}],"line":56},"3":{"loc":{"start":{"line":62,"column":16},"end":{"line":64,"column":17}},"type":"if","locations":[{"start":{"line":62,"column":16},"end":{"line":64,"column":17}},{"start":{},"end":{}}],"line":62},"4":{"loc":{"start":{"line":68,"column":20},"end":{"line":68,"column":75}},"type":"cond-expr","locations":[{"start":{"line":68,"column":30},"end":{"line":68,"column":62}},{"start":{"line":68,"column":65},"end":{"line":68,"column":75}}],"line":68},"5":{"loc":{"start":{"line":76,"column":20},"end":{"line":76,"column":75}},"type":"cond-expr","locations":[{"start":{"line":76,"column":30},"end":{"line":76,"column":62}},{"start":{"line":76,"column":65},"end":{"line":76,"column":75}}],"line":76},"6":{"loc":{"start":{"line":92,"column":24},"end":{"line":92,"column":41}},"type":"binary-expr","locations":[{"start":{"line":92,"column":24},"end":{"line":92,"column":35}},{"start":{"line":92,"column":39},"end":{"line":92,"column":41}}],"line":92},"7":{"loc":{"start":{"line":93,"column":26},"end":{"line":93,"column":45}},"type":"binary-expr","locations":[{"start":{"line":93,"column":26},"end":{"line":93,"column":39}},{"start":{"line":93,"column":43},"end":{"line":93,"column":45}}],"line":93},"8":{"loc":{"start":{"line":94,"column":33},"end":{"line":94,"column":59}},"type":"binary-expr","locations":[{"start":{"line":94,"column":33},"end":{"line":94,"column":53}},{"start":{"line":94,"column":57},"end":{"line":94,"column":59}}],"line":94},"9":{"loc":{"start":{"line":95,"column":26},"end":{"line":95,"column":45}},"type":"binary-expr","locations":[{"start":{"line":95,"column":26},"end":{"line":95,"column":39}},{"start":{"line":95,"column":43},"end":{"line":95,"column":45}}],"line":95}},"s":{"0":1,"1":1,"2":1,"3":1,"4":0,"5":0,"6":1,"7":1,"8":0,"9":0,"10":1,"11":0,"12":1,"13":1},"f":{"0":1,"1":1,"2":1,"3":0,"4":1},"b":{"0":[1,0],"1":[0,0],"2":[0,1],"3":[1,0],"4":[0,0],"5":[0,1],"6":[1,1],"7":[1,1],"8":[1,1],"9":[1,1]},"_coverageSchema":"1a1c01bbd47fc00a2c39e90264f33305004495a9","hash":"bf60901f8f4961fe1d7c6641889b2fa10f38f963"}
,"C:\\Projects\\pichincha-bank\\views\\Form\\index.ts": {"path":"C:\\Projects\\pichincha-bank\\views\\Form\\index.ts","statementMap":{},"fnMap":{},"branchMap":{},"s":{},"f":{},"b":{},"_coverageSchema":"1a1c01bbd47fc00a2c39e90264f33305004495a9","hash":"e7832541db894b1ca3161f9ab804bd8b6185cd43"}
,"C:\\Projects\\pichincha-bank\\views\\Form\\styles.ts": {"path":"C:\\Projects\\pichincha-bank\\views\\Form\\styles.ts","statementMap":{},"fnMap":{},"branchMap":{},"s":{},"f":{},"b":{},"_coverageSchema":"1a1c01bbd47fc00a2c39e90264f33305004495a9","hash":"50b5c16507ec3ed77e5990b0234bb9061f88996e"}
,"C:\\Projects\\pichincha-bank\\views\\Home\\Home.tsx": {"path":"C:\\Projects\\pichincha-bank\\views\\Home\\Home.tsx","statementMap":{"0":{"start":{"line":24,"column":28},"end":{"line":90,"column":1}},"1":{"start":{"line":25,"column":19},"end":{"line":25,"column":30}},"2":{"start":{"line":27,"column":4},"end":{"line":89,"column":6}},"3":{"start":{"line":34,"column":24},"end":{"line":61,"column":36}},"4":{"start":{"line":41,"column":32},"end":{"line":44,"column":35}},"5":{"start":{"line":63,"column":44},"end":{"line":63,"column":51}},"6":{"start":{"line":81,"column":28},"end":{"line":83,"column":31}}},"fnMap":{"0":{"name":"(anonymous_0)","decl":{"start":{"line":24,"column":28},"end":{"line":24,"column":29}},"loc":{"start":{"line":24,"column":42},"end":{"line":90,"column":1}},"line":24},"1":{"name":"(anonymous_1)","decl":{"start":{"line":33,"column":32},"end":{"line":33,"column":33}},"loc":{"start":{"line":34,"column":24},"end":{"line":61,"column":36}},"line":34},"2":{"name":"(anonymous_2)","decl":{"start":{"line":40,"column":37},"end":{"line":40,"column":38}},"loc":{"start":{"line":40,"column":43},"end":{"line":45,"column":29}},"line":40},"3":{"name":"(anonymous_3)","decl":{"start":{"line":63,"column":34},"end":{"line":63,"column":35}},"loc":{"start":{"line":63,"column":44},"end":{"line":63,"column":51}},"line":63},"4":{"name":"(anonymous_4)","decl":{"start":{"line":80,"column":33},"end":{"line":80,"column":34}},"loc":{"start":{"line":80,"column":39},"end":{"line":84,"column":25}},"line":80}},"branchMap":{"0":{"loc":{"start":{"line":37,"column":32},"end":{"line":37,"column":59}},"type":"binary-expr","locations":[{"start":{"line":37,"column":32},"end":{"line":37,"column":43}},{"start":{"line":37,"column":47},"end":{"line":37,"column":59}}],"line":37},"1":{"loc":{"start":{"line":38,"column":32},"end":{"line":38,"column":72}},"type":"binary-expr","locations":[{"start":{"line":38,"column":32},"end":{"line":38,"column":57}},{"start":{"line":38,"column":61},"end":{"line":38,"column":72}}],"line":38}},"s":{"0":2,"1":6,"2":6,"3":10,"4":2,"5":15,"6":1},"f":{"0":6,"1":10,"2":2,"3":15,"4":1},"b":{"0":[10,5],"1":[10,5]},"_coverageSchema":"1a1c01bbd47fc00a2c39e90264f33305004495a9","hash":"15d452ca932c9800558d7817067a26e429f53c7d"}
,"C:\\Projects\\pichincha-bank\\views\\Home\\index.ts": {"path":"C:\\Projects\\pichincha-bank\\views\\Home\\index.ts","statementMap":{},"fnMap":{},"branchMap":{},"s":{},"f":{},"b":{},"_coverageSchema":"1a1c01bbd47fc00a2c39e90264f33305004495a9","hash":"f968da20dc9f92f0e9ccb7312064dfcee8ac94fa"}
,"C:\\Projects\\pichincha-bank\\views\\Home\\styles.ts": {"path":"C:\\Projects\\pichincha-bank\\views\\Home\\styles.ts","statementMap":{},"fnMap":{},"branchMap":{},"s":{},"f":{},"b":{},"_coverageSchema":"1a1c01bbd47fc00a2c39e90264f33305004495a9","hash":"d13fa2c3f799e015187228a19e8103d3af938b98"}
}
