{"C:\\Projects\\pichincha-bank\\app\\index.tsx": {"path":"C:\\Projects\\pichincha-bank\\app\\index.tsx","statementMap":{"0":{"start":{"line":8,"column":37},"end":{"line":8,"column":65}},"1":{"start":{"line":10,"column":4},"end":{"line":10,"column":54}}},"fnMap":{"0":{"name":"Index","decl":{"start":{"line":7,"column":24},"end":{"line":7,"column":29}},"loc":{"start":{"line":7,"column":32},"end":{"line":11,"column":1}},"line":7}},"branchMap":{"0":{"loc":{"start":{"line":8,"column":12},"end":{"line":8,"column":21}},"type":"default-arg","locations":[{"start":{"line":8,"column":19},"end":{"line":8,"column":21}}],"line":8}},"s":{"0":4,"1":4},"f":{"0":4},"b":{"0":[0]},"_coverageSchema":"1a1c01bbd47fc00a2c39e90264f33305004495a9","hash":"de2ca3c702460ac185252bc522795bae4fde47f0"}
,"C:\\Projects\\pichincha-bank\\components\\Button.tsx": {"path":"C:\\Projects\\pichincha-bank\\components\\Button.tsx","statementMap":{"0":{"start":{"line":15,"column":32},"end":{"line":34,"column":1}},"1":{"start":{"line":22,"column":4},"end":{"line":33,"column":6}},"2":{"start":{"line":38,"column":15},"end":{"line":51,"column":2}}},"fnMap":{"0":{"name":"(anonymous_0)","decl":{"start":{"line":15,"column":32},"end":{"line":15,"column":33}},"loc":{"start":{"line":21,"column":6},"end":{"line":34,"column":1}},"line":21}},"branchMap":{"0":{"loc":{"start":{"line":17,"column":4},"end":{"line":17,"column":23}},"type":"default-arg","locations":[{"start":{"line":17,"column":16},"end":{"line":17,"column":23}}],"line":17},"1":{"loc":{"start":{"line":18,"column":4},"end":{"line":18,"column":23}},"type":"default-arg","locations":[{"start":{"line":18,"column":14},"end":{"line":18,"column":23}}],"line":18},"2":{"loc":{"start":{"line":25,"column":21},"end":{"line":25,"column":46}},"type":"cond-expr","locations":[{"start":{"line":25,"column":32},"end":{"line":25,"column":36}},{"start":{"line":25,"column":39},"end":{"line":25,"column":46}}],"line":25}},"s":{"0":4,"1":9,"2":4},"f":{"0":9},"b":{"0":[9],"1":[8],"2":[0,9]},"_coverageSchema":"1a1c01bbd47fc00a2c39e90264f33305004495a9","hash":"2488a05e531bccbd6b50c10e9c00d9d565db2c85"}
,"C:\\Projects\\pichincha-bank\\components\\Input.tsx": {"path":"C:\\Projects\\pichincha-bank\\components\\Input.tsx","statementMap":{"0":{"start":{"line":17,"column":30},"end":{"line":59,"column":1}},"1":{"start":{"line":26,"column":4},"end":{"line":58,"column":6}},"2":{"start":{"line":63,"column":15},"end":{"line":97,"column":2}}},"fnMap":{"0":{"name":"(anonymous_0)","decl":{"start":{"line":17,"column":30},"end":{"line":17,"column":31}},"loc":{"start":{"line":25,"column":6},"end":{"line":59,"column":1}},"line":25}},"branchMap":{"0":{"loc":{"start":{"line":28,"column":13},"end":{"line":32,"column":20}},"type":"cond-expr","locations":[{"start":{"line":29,"column":16},"end":{"line":31,"column":23}},{"start":{"line":32,"column":16},"end":{"line":32,"column":20}}],"line":28},"1":{"loc":{"start":{"line":36,"column":20},"end":{"line":36,"column":59}},"type":"binary-expr","locations":[{"start":{"line":36,"column":20},"end":{"line":36,"column":28}},{"start":{"line":36,"column":32},"end":{"line":36,"column":59}}],"line":36},"2":{"loc":{"start":{"line":37,"column":20},"end":{"line":37,"column":58}},"type":"binary-expr","locations":[{"start":{"line":37,"column":20},"end":{"line":37,"column":35}},{"start":{"line":37,"column":39},"end":{"line":37,"column":58}}],"line":37},"3":{"loc":{"start":{"line":52,"column":13},"end":{"line":56,"column":20}},"type":"cond-expr","locations":[{"start":{"line":53,"column":16},"end":{"line":55,"column":23}},{"start":{"line":56,"column":16},"end":{"line":56,"column":20}}],"line":52}},"s":{"0":4,"1":17,"2":4},"f":{"0":17},"b":{"0":[10,7],"1":[17,1],"2":[17,4],"3":[4,13]},"_coverageSchema":"1a1c01bbd47fc00a2c39e90264f33305004495a9","hash":"67d086861b8269af25b48a8d0a1605115bfbbd8d"}
,"C:\\Projects\\pichincha-bank\\components\\Layout.tsx": {"path":"C:\\Projects\\pichincha-bank\\components\\Layout.tsx","statementMap":{"0":{"start":{"line":13,"column":32},"end":{"line":25,"column":1}},"1":{"start":{"line":14,"column":4},"end":{"line":24,"column":6}},"2":{"start":{"line":29,"column":15},"end":{"line":49,"column":2}}},"fnMap":{"0":{"name":"(anonymous_0)","decl":{"start":{"line":13,"column":32},"end":{"line":13,"column":33}},"loc":{"start":{"line":13,"column":50},"end":{"line":25,"column":1}},"line":13}},"branchMap":{},"s":{"0":3,"1":7,"2":3},"f":{"0":7},"b":{},"_coverageSchema":"1a1c01bbd47fc00a2c39e90264f33305004495a9","hash":"a7c8138c7643d7a967f6dff6fffef338cae7574d"}
,"C:\\Projects\\pichincha-bank\\components\\Modal.tsx": {"path":"C:\\Projects\\pichincha-bank\\components\\Modal.tsx","statementMap":{"0":{"start":{"line":15,"column":26},"end":{"line":15,"column":69}},"1":{"start":{"line":23,"column":30},"end":{"line":54,"column":1}},"2":{"start":{"line":24,"column":4},"end":{"line":24,"column":27}},"3":{"start":{"line":24,"column":15},"end":{"line":24,"column":27}},"4":{"start":{"line":26,"column":4},"end":{"line":53,"column":6}},"5":{"start":{"line":58,"column":15},"end":{"line":83,"column":2}}},"fnMap":{"0":{"name":"(anonymous_0)","decl":{"start":{"line":23,"column":30},"end":{"line":23,"column":31}},"loc":{"start":{"line":23,"column":64},"end":{"line":54,"column":1}},"line":23}},"branchMap":{"0":{"loc":{"start":{"line":24,"column":4},"end":{"line":24,"column":27}},"type":"if","locations":[{"start":{"line":24,"column":4},"end":{"line":24,"column":27}},{"start":{},"end":{}}],"line":24}},"s":{"0":1,"1":1,"2":3,"3":1,"4":2,"5":1},"f":{"0":3},"b":{"0":[1,2]},"_coverageSchema":"1a1c01bbd47fc00a2c39e90264f33305004495a9","hash":"d0bcf7c0e13ea31aa0b8d4db843b96e4138d7ea9"}
,"C:\\Projects\\pichincha-bank\\hooks\\index.ts": {"path":"C:\\Projects\\pichincha-bank\\hooks\\index.ts","statementMap":{},"fnMap":{},"branchMap":{},"s":{},"f":{},"b":{},"_coverageSchema":"1a1c01bbd47fc00a2c39e90264f33305004495a9","hash":"5ba271982f595d19d04c9ffdfe96b3e1d8d4541a"}
,"C:\\Projects\\pichincha-bank\\hooks\\useProducts.ts": {"path":"C:\\Projects\\pichincha-bank\\hooks\\useProducts.ts","statementMap":{"0":{"start":{"line":9,"column":12},"end":{"line":9,"column":22}},"1":{"start":{"line":11,"column":30},"end":{"line":17,"column":6}},"2":{"start":{"line":12,"column":4},"end":{"line":17,"column":6}},"3":{"start":{"line":19,"column":41},"end":{"line":24,"column":1}},"4":{"start":{"line":20,"column":24},"end":{"line":20,"column":40}},"5":{"start":{"line":21,"column":18},"end":{"line":21,"column":74}},"6":{"start":{"line":23,"column":4},"end":{"line":23,"column":43}},"7":{"start":{"line":23,"column":30},"end":{"line":23,"column":41}},"8":{"start":{"line":26,"column":32},"end":{"line":39,"column":1}},"9":{"start":{"line":27,"column":24},"end":{"line":27,"column":40}},"10":{"start":{"line":28,"column":4},"end":{"line":38,"column":7}},"11":{"start":{"line":30,"column":12},"end":{"line":30,"column":58}},"12":{"start":{"line":34,"column":16},"end":{"line":34,"column":78}},"13":{"start":{"line":36,"column":12},"end":{"line":36,"column":68}},"14":{"start":{"line":41,"column":32},"end":{"line":68,"column":1}},"15":{"start":{"line":42,"column":24},"end":{"line":42,"column":40}},"16":{"start":{"line":43,"column":4},"end":{"line":67,"column":7}},"17":{"start":{"line":51,"column":12},"end":{"line":51,"column":64}},"18":{"start":{"line":54,"column":29},"end":{"line":56,"column":14}},"19":{"start":{"line":58,"column":31},"end":{"line":63,"column":14}},"20":{"start":{"line":59,"column":16},"end":{"line":61,"column":17}},"21":{"start":{"line":60,"column":20},"end":{"line":60,"column":35}},"22":{"start":{"line":62,"column":16},"end":{"line":62,"column":25}},"23":{"start":{"line":65,"column":12},"end":{"line":65,"column":56}},"24":{"start":{"line":70,"column":34},"end":{"line":75,"column":6}},"25":{"start":{"line":71,"column":4},"end":{"line":75,"column":6}},"26":{"start":{"line":73,"column":12},"end":{"line":73,"column":55}}},"fnMap":{"0":{"name":"(anonymous_0)","decl":{"start":{"line":11,"column":30},"end":{"line":11,"column":31}},"loc":{"start":{"line":12,"column":4},"end":{"line":17,"column":6}},"line":12},"1":{"name":"(anonymous_1)","decl":{"start":{"line":19,"column":41},"end":{"line":19,"column":42}},"loc":{"start":{"line":19,"column":57},"end":{"line":24,"column":1}},"line":19},"2":{"name":"(anonymous_2)","decl":{"start":{"line":23,"column":23},"end":{"line":23,"column":24}},"loc":{"start":{"line":23,"column":30},"end":{"line":23,"column":41}},"line":23},"3":{"name":"(anonymous_3)","decl":{"start":{"line":26,"column":32},"end":{"line":26,"column":33}},"loc":{"start":{"line":26,"column":38},"end":{"line":39,"column":1}},"line":26},"4":{"name":"(anonymous_4)","decl":{"start":{"line":29,"column":20},"end":{"line":29,"column":21}},"loc":{"start":{"line":29,"column":56},"end":{"line":31,"column":9}},"line":29},"5":{"name":"(anonymous_5)","decl":{"start":{"line":32,"column":19},"end":{"line":32,"column":20}},"loc":{"start":{"line":32,"column":32},"end":{"line":37,"column":9}},"line":32},"6":{"name":"(anonymous_6)","decl":{"start":{"line":41,"column":32},"end":{"line":41,"column":33}},"loc":{"start":{"line":41,"column":38},"end":{"line":68,"column":1}},"line":41},"7":{"name":"(anonymous_7)","decl":{"start":{"line":44,"column":20},"end":{"line":44,"column":21}},"loc":{"start":{"line":50,"column":14},"end":{"line":52,"column":9}},"line":50},"8":{"name":"(anonymous_8)","decl":{"start":{"line":53,"column":19},"end":{"line":53,"column":20}},"loc":{"start":{"line":53,"column":32},"end":{"line":66,"column":9}},"line":53},"9":{"name":"(anonymous_9)","decl":{"start":{"line":58,"column":45},"end":{"line":58,"column":46}},"loc":{"start":{"line":58,"column":52},"end":{"line":63,"column":13}},"line":58},"10":{"name":"(anonymous_10)","decl":{"start":{"line":70,"column":34},"end":{"line":70,"column":35}},"loc":{"start":{"line":71,"column":4},"end":{"line":75,"column":6}},"line":71},"11":{"name":"(anonymous_11)","decl":{"start":{"line":72,"column":20},"end":{"line":72,"column":21}},"loc":{"start":{"line":72,"column":36},"end":{"line":74,"column":9}},"line":72}},"branchMap":{"0":{"loc":{"start":{"line":34,"column":16},"end":{"line":34,"column":78}},"type":"binary-expr","locations":[{"start":{"line":34,"column":16},"end":{"line":34,"column":72}},{"start":{"line":34,"column":76},"end":{"line":34,"column":78}}],"line":34},"1":{"loc":{"start":{"line":59,"column":16},"end":{"line":61,"column":17}},"type":"if","locations":[{"start":{"line":59,"column":16},"end":{"line":61,"column":17}},{"start":{},"end":{}}],"line":59}},"s":{"0":1,"1":1,"2":2,"3":1,"4":1,"5":1,"6":1,"7":3,"8":1,"9":3,"10":3,"11":1,"12":1,"13":1,"14":1,"15":3,"16":3,"17":1,"18":1,"19":1,"20":4,"21":1,"22":3,"23":1,"24":1,"25":3,"26":1},"f":{"0":2,"1":1,"2":3,"3":3,"4":1,"5":1,"6":3,"7":1,"8":1,"9":4,"10":3,"11":1},"b":{"0":[1,0],"1":[1,3]},"_coverageSchema":"1a1c01bbd47fc00a2c39e90264f33305004495a9","hash":"6ac6a9148319b963fda284e8634bb99d8a1658ff"}
,"C:\\Projects\\pichincha-bank\\services\\index.ts": {"path":"C:\\Projects\\pichincha-bank\\services\\index.ts","statementMap":{},"fnMap":{},"branchMap":{},"s":{},"f":{},"b":{},"_coverageSchema":"1a1c01bbd47fc00a2c39e90264f33305004495a9","hash":"e207a2dab328576f981d860b971e55c20cdec9d1"}
,"C:\\Projects\\pichincha-bank\\services\\products.service.ts": {"path":"C:\\Projects\\pichincha-bank\\services\\products.service.ts","statementMap":{"0":{"start":{"line":9,"column":27},"end":{"line":15,"column":1}},"1":{"start":{"line":9,"column":33},"end":{"line":15,"column":1}},"2":{"start":{"line":10,"column":21},"end":{"line":12,"column":5}},"3":{"start":{"line":14,"column":4},"end":{"line":14,"column":16}},"4":{"start":{"line":17,"column":31},"end":{"line":25,"column":1}},"5":{"start":{"line":18,"column":21},"end":{"line":22,"column":6}},"6":{"start":{"line":24,"column":4},"end":{"line":24,"column":16}},"7":{"start":{"line":27,"column":29},"end":{"line":34,"column":1}},"8":{"start":{"line":28,"column":21},"end":{"line":31,"column":5}},"9":{"start":{"line":33,"column":4},"end":{"line":33,"column":16}},"10":{"start":{"line":36,"column":31},"end":{"line":51,"column":1}},"11":{"start":{"line":40,"column":21},"end":{"line":48,"column":5}},"12":{"start":{"line":50,"column":4},"end":{"line":50,"column":16}},"13":{"start":{"line":53,"column":31},"end":{"line":61,"column":1}},"14":{"start":{"line":54,"column":21},"end":{"line":58,"column":6}},"15":{"start":{"line":60,"column":4},"end":{"line":60,"column":16}}},"fnMap":{"0":{"name":"(anonymous_0)","decl":{"start":{"line":9,"column":27},"end":{"line":9,"column":28}},"loc":{"start":{"line":9,"column":33},"end":{"line":15,"column":1}},"line":9},"1":{"name":"(anonymous_1)","decl":{"start":{"line":9,"column":33},"end":{"line":9,"column":34}},"loc":{"start":{"line":9,"column":45},"end":{"line":15,"column":1}},"line":9},"2":{"name":"(anonymous_2)","decl":{"start":{"line":17,"column":31},"end":{"line":17,"column":32}},"loc":{"start":{"line":17,"column":53},"end":{"line":25,"column":1}},"line":17},"3":{"name":"(anonymous_3)","decl":{"start":{"line":27,"column":29},"end":{"line":27,"column":30}},"loc":{"start":{"line":27,"column":71},"end":{"line":34,"column":1}},"line":27},"4":{"name":"(anonymous_4)","decl":{"start":{"line":36,"column":31},"end":{"line":36,"column":32}},"loc":{"start":{"line":39,"column":5},"end":{"line":51,"column":1}},"line":39},"5":{"name":"(anonymous_5)","decl":{"start":{"line":53,"column":31},"end":{"line":53,"column":32}},"loc":{"start":{"line":53,"column":53},"end":{"line":61,"column":1}},"line":53}},"branchMap":{},"s":{"0":2,"1":2,"2":1,"3":1,"4":2,"5":0,"6":0,"7":2,"8":1,"9":1,"10":2,"11":1,"12":1,"13":2,"14":1,"15":1},"f":{"0":2,"1":1,"2":0,"3":1,"4":1,"5":1},"b":{},"_coverageSchema":"1a1c01bbd47fc00a2c39e90264f33305004495a9","hash":"51b04f9687d3250841604c5f262da32bb8e92174"}
,"C:\\Projects\\pichincha-bank\\services\\urls.ts": {"path":"C:\\Projects\\pichincha-bank\\services\\urls.ts","statementMap":{"0":{"start":{"line":1,"column":16},"end":{"line":9,"column":10}}},"fnMap":{},"branchMap":{},"s":{"0":2},"f":{},"b":{},"_coverageSchema":"1a1c01bbd47fc00a2c39e90264f33305004495a9","hash":"505b4c6d220bb741e8b34f8a7346bd07c7e668ea"}
,"C:\\Projects\\pichincha-bank\\theme\\palette.ts": {"path":"C:\\Projects\\pichincha-bank\\theme\\palette.ts","statementMap":{"0":{"start":{"line":1,"column":14},"end":{"line":9,"column":10}}},"fnMap":{},"branchMap":{},"s":{"0":6},"f":{},"b":{},"_coverageSchema":"1a1c01bbd47fc00a2c39e90264f33305004495a9","hash":"1f42218815dc8ca8443c205bf7e5a00591b9dd2b"}
,"C:\\Projects\\pichincha-bank\\utils\\fetcher.ts": {"path":"C:\\Projects\\pichincha-bank\\utils\\fetcher.ts","statementMap":{"0":{"start":{"line":3,"column":26},"end":{"line":9,"column":1}},"1":{"start":{"line":4,"column":4},"end":{"line":7,"column":5}},"2":{"start":{"line":5,"column":20},"end":{"line":5,"column":61}},"3":{"start":{"line":6,"column":8},"end":{"line":6,"column":18}},"4":{"start":{"line":8,"column":4},"end":{"line":8,"column":22}},"5":{"start":{"line":11,"column":15},"end":{"line":18,"column":2}}},"fnMap":{"0":{"name":"(anonymous_0)","decl":{"start":{"line":3,"column":26},"end":{"line":3,"column":27}},"loc":{"start":{"line":3,"column":51},"end":{"line":9,"column":1}},"line":3}},"branchMap":{"0":{"loc":{"start":{"line":4,"column":4},"end":{"line":7,"column":5}},"type":"if","locations":[{"start":{"line":4,"column":4},"end":{"line":7,"column":5}},{"start":{},"end":{}}],"line":4}},"s":{"0":3,"1":4,"2":1,"3":1,"4":3,"5":3},"f":{"0":4},"b":{"0":[1,3]},"_coverageSchema":"1a1c01bbd47fc00a2c39e90264f33305004495a9","hash":"9477430737c36bffbc960fc322210ef0a672d41b"}
,"C:\\Projects\\pichincha-bank\\utils\\formatDate.ts": {"path":"C:\\Projects\\pichincha-bank\\utils\\formatDate.ts","statementMap":{"0":{"start":{"line":3,"column":19},"end":{"line":6,"column":1}},"1":{"start":{"line":4,"column":4},"end":{"line":4,"column":25}},"2":{"start":{"line":4,"column":15},"end":{"line":4,"column":25}},"3":{"start":{"line":5,"column":4},"end":{"line":5,"column":48}}},"fnMap":{"0":{"name":"(anonymous_0)","decl":{"start":{"line":3,"column":19},"end":{"line":3,"column":20}},"loc":{"start":{"line":3,"column":45},"end":{"line":6,"column":1}},"line":3}},"branchMap":{"0":{"loc":{"start":{"line":4,"column":4},"end":{"line":4,"column":25}},"type":"if","locations":[{"start":{"line":4,"column":4},"end":{"line":4,"column":25}},{"start":{},"end":{}}],"line":4}},"s":{"0":2,"1":6,"2":2,"3":4},"f":{"0":6},"b":{"0":[2,4]},"_coverageSchema":"1a1c01bbd47fc00a2c39e90264f33305004495a9","hash":"9276dfc2c478a7305f56f5efa8c7e015b432a16a"}
,"C:\\Projects\\pichincha-bank\\utils\\index.ts": {"path":"C:\\Projects\\pichincha-bank\\utils\\index.ts","statementMap":{},"fnMap":{},"branchMap":{},"s":{},"f":{},"b":{},"_coverageSchema":"1a1c01bbd47fc00a2c39e90264f33305004495a9","hash":"a502ff97f39a3a8475e4d0e71d9dc5800282ad31"}
,"C:\\Projects\\pichincha-bank\\views\\Form\\Form.tsx": {"path":"C:\\Projects\\pichincha-bank\\views\\Form\\Form.tsx","statementMap":{"0":{"start":{"line":28,"column":28},"end":{"line":141,"column":1}},"1":{"start":{"line":29,"column":25},"end":{"line":31,"column":5}},"2":{"start":{"line":30,"column":8},"end":{"line":30,"column":25}},"3":{"start":{"line":33,"column":25},"end":{"line":42,"column":17}},"4":{"start":{"line":34,"column":8},"end":{"line":41,"column":10}},"5":{"start":{"line":44,"column":23},"end":{"line":46,"column":17}},"6":{"start":{"line":45,"column":8},"end":{"line":45,"column":41}},"7":{"start":{"line":48,"column":4},"end":{"line":140,"column":6}},"8":{"start":{"line":66,"column":20},"end":{"line":136,"column":27}}},"fnMap":{"0":{"name":"(anonymous_0)","decl":{"start":{"line":28,"column":28},"end":{"line":28,"column":29}},"loc":{"start":{"line":28,"column":55},"end":{"line":141,"column":1}},"line":28},"1":{"name":"(anonymous_1)","decl":{"start":{"line":29,"column":25},"end":{"line":29,"column":26}},"loc":{"start":{"line":29,"column":60},"end":{"line":31,"column":5}},"line":29},"2":{"name":"(anonymous_2)","decl":{"start":{"line":33,"column":33},"end":{"line":33,"column":34}},"loc":{"start":{"line":33,"column":39},"end":{"line":42,"column":5}},"line":33},"3":{"name":"(anonymous_3)","decl":{"start":{"line":44,"column":31},"end":{"line":44,"column":32}},"loc":{"start":{"line":44,"column":37},"end":{"line":46,"column":5}},"line":44},"4":{"name":"(anonymous_4)","decl":{"start":{"line":57,"column":17},"end":{"line":57,"column":18}},"loc":{"start":{"line":66,"column":20},"end":{"line":136,"column":27}},"line":66}},"branchMap":{"0":{"loc":{"start":{"line":35,"column":16},"end":{"line":35,"column":33}},"type":"binary-expr","locations":[{"start":{"line":35,"column":16},"end":{"line":35,"column":27}},{"start":{"line":35,"column":31},"end":{"line":35,"column":33}}],"line":35},"1":{"loc":{"start":{"line":36,"column":18},"end":{"line":36,"column":37}},"type":"binary-expr","locations":[{"start":{"line":36,"column":18},"end":{"line":36,"column":31}},{"start":{"line":36,"column":35},"end":{"line":36,"column":37}}],"line":36},"2":{"loc":{"start":{"line":37,"column":25},"end":{"line":37,"column":51}},"type":"binary-expr","locations":[{"start":{"line":37,"column":25},"end":{"line":37,"column":45}},{"start":{"line":37,"column":49},"end":{"line":37,"column":51}}],"line":37},"3":{"loc":{"start":{"line":38,"column":18},"end":{"line":38,"column":37}},"type":"binary-expr","locations":[{"start":{"line":38,"column":18},"end":{"line":38,"column":31}},{"start":{"line":38,"column":35},"end":{"line":38,"column":37}}],"line":38}},"s":{"0":1,"1":1,"2":0,"3":1,"4":1,"5":1,"6":1,"7":1,"8":1},"f":{"0":1,"1":0,"2":1,"3":1,"4":1},"b":{"0":[1,1],"1":[1,1],"2":[1,1],"3":[1,1]},"_coverageSchema":"1a1c01bbd47fc00a2c39e90264f33305004495a9","hash":"f576d395e66367472e2a06515b56cef10438b02f"}
,"C:\\Projects\\pichincha-bank\\views\\Form\\index.ts": {"path":"C:\\Projects\\pichincha-bank\\views\\Form\\index.ts","statementMap":{},"fnMap":{},"branchMap":{},"s":{},"f":{},"b":{},"_coverageSchema":"1a1c01bbd47fc00a2c39e90264f33305004495a9","hash":"e7832541db894b1ca3161f9ab804bd8b6185cd43"}
,"C:\\Projects\\pichincha-bank\\views\\Form\\styles.ts": {"path":"C:\\Projects\\pichincha-bank\\views\\Form\\styles.ts","statementMap":{},"fnMap":{},"branchMap":{},"s":{},"f":{},"b":{},"_coverageSchema":"1a1c01bbd47fc00a2c39e90264f33305004495a9","hash":"50b5c16507ec3ed77e5990b0234bb9061f88996e"}
,"C:\\Projects\\pichincha-bank\\views\\Form\\validationSchema.ts": {"path":"C:\\Projects\\pichincha-bank\\views\\Form\\validationSchema.ts","statementMap":{"0":{"start":{"line":13,"column":25},"end":{"line":73,"column":6}},"1":{"start":{"line":14,"column":4},"end":{"line":73,"column":6}},"2":{"start":{"line":21,"column":28},"end":{"line":21,"column":69}},"3":{"start":{"line":22,"column":16},"end":{"line":22,"column":28}},"4":{"start":{"line":35,"column":16},"end":{"line":37,"column":17}},"5":{"start":{"line":36,"column":20},"end":{"line":36,"column":33}},"6":{"start":{"line":38,"column":31},"end":{"line":42,"column":17}},"7":{"start":{"line":43,"column":16},"end":{"line":43,"column":30}},"8":{"start":{"line":55,"column":16},"end":{"line":57,"column":17}},"9":{"start":{"line":56,"column":20},"end":{"line":56,"column":33}},"10":{"start":{"line":58,"column":31},"end":{"line":62,"column":17}},"11":{"start":{"line":63,"column":16},"end":{"line":63,"column":30}}},"fnMap":{"0":{"name":"(anonymous_0)","decl":{"start":{"line":13,"column":25},"end":{"line":13,"column":26}},"loc":{"start":{"line":14,"column":4},"end":{"line":73,"column":6}},"line":14},"1":{"name":"(anonymous_1)","decl":{"start":{"line":20,"column":58},"end":{"line":20,"column":59}},"loc":{"start":{"line":20,"column":72},"end":{"line":23,"column":13}},"line":20},"2":{"name":"(anonymous_2)","decl":{"start":{"line":34,"column":23},"end":{"line":34,"column":24}},"loc":{"start":{"line":34,"column":55},"end":{"line":44,"column":13}},"line":34},"3":{"name":"(anonymous_3)","decl":{"start":{"line":54,"column":23},"end":{"line":54,"column":24}},"loc":{"start":{"line":54,"column":55},"end":{"line":64,"column":13}},"line":54}},"branchMap":{"0":{"loc":{"start":{"line":35,"column":16},"end":{"line":37,"column":17}},"type":"if","locations":[{"start":{"line":35,"column":16},"end":{"line":37,"column":17}},{"start":{},"end":{}}],"line":35},"1":{"loc":{"start":{"line":41,"column":20},"end":{"line":41,"column":74}},"type":"cond-expr","locations":[{"start":{"line":41,"column":30},"end":{"line":41,"column":61}},{"start":{"line":41,"column":64},"end":{"line":41,"column":74}}],"line":41},"2":{"loc":{"start":{"line":49,"column":20},"end":{"line":49,"column":74}},"type":"cond-expr","locations":[{"start":{"line":49,"column":30},"end":{"line":49,"column":61}},{"start":{"line":49,"column":64},"end":{"line":49,"column":74}}],"line":49},"3":{"loc":{"start":{"line":55,"column":16},"end":{"line":57,"column":17}},"type":"if","locations":[{"start":{"line":55,"column":16},"end":{"line":57,"column":17}},{"start":{},"end":{}}],"line":55},"4":{"loc":{"start":{"line":61,"column":20},"end":{"line":61,"column":75}},"type":"cond-expr","locations":[{"start":{"line":61,"column":30},"end":{"line":61,"column":62}},{"start":{"line":61,"column":65},"end":{"line":61,"column":75}}],"line":61},"5":{"loc":{"start":{"line":69,"column":20},"end":{"line":69,"column":75}},"type":"cond-expr","locations":[{"start":{"line":69,"column":30},"end":{"line":69,"column":62}},{"start":{"line":69,"column":65},"end":{"line":69,"column":75}}],"line":69}},"s":{"0":1,"1":1,"2":0,"3":0,"4":1,"5":1,"6":0,"7":0,"8":1,"9":1,"10":0,"11":0},"f":{"0":1,"1":0,"2":1,"3":1},"b":{"0":[1,0],"1":[0,0],"2":[0,1],"3":[1,0],"4":[0,0],"5":[0,1]},"_coverageSchema":"1a1c01bbd47fc00a2c39e90264f33305004495a9","hash":"40be71e6e8223a154b19b4672937801f76b5b62d"}
,"C:\\Projects\\pichincha-bank\\views\\Home\\Home.tsx": {"path":"C:\\Projects\\pichincha-bank\\views\\Home\\Home.tsx","statementMap":{"0":{"start":{"line":25,"column":28},"end":{"line":128,"column":1}},"1":{"start":{"line":26,"column":19},"end":{"line":26,"column":30}},"2":{"start":{"line":28,"column":21},"end":{"line":40,"column":25}},"3":{"start":{"line":29,"column":25},"end":{"line":36,"column":9}},"4":{"start":{"line":37,"column":54},"end":{"line":37,"column":78}},"5":{"start":{"line":39,"column":8},"end":{"line":39,"column":47}},"6":{"start":{"line":42,"column":4},"end":{"line":127,"column":6}},"7":{"start":{"line":49,"column":24},"end":{"line":103,"column":36}},"8":{"start":{"line":58,"column":32},"end":{"line":61,"column":35}},"9":{"start":{"line":105,"column":51},"end":{"line":105,"column":75}},"10":{"start":{"line":122,"column":39},"end":{"line":122,"column":59}}},"fnMap":{"0":{"name":"(anonymous_0)","decl":{"start":{"line":25,"column":28},"end":{"line":25,"column":29}},"loc":{"start":{"line":25,"column":53},"end":{"line":128,"column":1}},"line":25},"1":{"name":"(anonymous_1)","decl":{"start":{"line":28,"column":29},"end":{"line":28,"column":30}},"loc":{"start":{"line":28,"column":35},"end":{"line":40,"column":5}},"line":28},"2":{"name":"(anonymous_2)","decl":{"start":{"line":48,"column":32},"end":{"line":48,"column":33}},"loc":{"start":{"line":49,"column":24},"end":{"line":103,"column":36}},"line":49},"3":{"name":"(anonymous_3)","decl":{"start":{"line":57,"column":37},"end":{"line":57,"column":38}},"loc":{"start":{"line":57,"column":43},"end":{"line":62,"column":29}},"line":57},"4":{"name":"(anonymous_4)","decl":{"start":{"line":105,"column":34},"end":{"line":105,"column":35}},"loc":{"start":{"line":105,"column":51},"end":{"line":105,"column":75}},"line":105},"5":{"name":"(anonymous_5)","decl":{"start":{"line":122,"column":33},"end":{"line":122,"column":34}},"loc":{"start":{"line":122,"column":39},"end":{"line":122,"column":59}},"line":122}},"branchMap":{"0":{"loc":{"start":{"line":39,"column":15},"end":{"line":39,"column":46}},"type":"cond-expr","locations":[{"start":{"line":39,"column":27},"end":{"line":39,"column":39}},{"start":{"line":39,"column":42},"end":{"line":39,"column":46}}],"line":39},"1":{"loc":{"start":{"line":52,"column":32},"end":{"line":52,"column":59}},"type":"binary-expr","locations":[{"start":{"line":52,"column":32},"end":{"line":52,"column":43}},{"start":{"line":52,"column":47},"end":{"line":52,"column":59}}],"line":52},"2":{"loc":{"start":{"line":53,"column":32},"end":{"line":55,"column":47}},"type":"binary-expr","locations":[{"start":{"line":53,"column":33},"end":{"line":53,"column":53}},{"start":{"line":54,"column":36},"end":{"line":54,"column":65}},{"start":{"line":55,"column":36},"end":{"line":55,"column":47}}],"line":53},"3":{"loc":{"start":{"line":67,"column":33},"end":{"line":81,"column":33}},"type":"cond-expr","locations":[{"start":{"line":68,"column":36},"end":{"line":70,"column":43}},{"start":{"line":72,"column":36},"end":{"line":80,"column":38}}],"line":67},"4":{"loc":{"start":{"line":82,"column":33},"end":{"line":96,"column":33}},"type":"cond-expr","locations":[{"start":{"line":83,"column":36},"end":{"line":85,"column":43}},{"start":{"line":87,"column":36},"end":{"line":95,"column":38}}],"line":82},"5":{"loc":{"start":{"line":105,"column":51},"end":{"line":105,"column":75}},"type":"binary-expr","locations":[{"start":{"line":105,"column":51},"end":{"line":105,"column":58}},{"start":{"line":105,"column":62},"end":{"line":105,"column":75}}],"line":105}},"s":{"0":2,"1":6,"2":6,"3":6,"4":6,"5":6,"6":6,"7":10,"8":2,"9":15,"10":1},"f":{"0":6,"1":6,"2":10,"3":2,"4":15,"5":1},"b":{"0":[0,6],"1":[10,5],"2":[10,10,5],"3":[10,0],"4":[10,0],"5":[15,0]},"_coverageSchema":"1a1c01bbd47fc00a2c39e90264f33305004495a9","hash":"d3e17ed0e5f8c4f66645375c884bcc0ca2ae9f20"}
,"C:\\Projects\\pichincha-bank\\views\\Home\\index.ts": {"path":"C:\\Projects\\pichincha-bank\\views\\Home\\index.ts","statementMap":{},"fnMap":{},"branchMap":{},"s":{},"f":{},"b":{},"_coverageSchema":"1a1c01bbd47fc00a2c39e90264f33305004495a9","hash":"f968da20dc9f92f0e9ccb7312064dfcee8ac94fa"}
,"C:\\Projects\\pichincha-bank\\views\\Home\\styles.ts": {"path":"C:\\Projects\\pichincha-bank\\views\\Home\\styles.ts","statementMap":{},"fnMap":{},"branchMap":{},"s":{},"f":{},"b":{},"_coverageSchema":"1a1c01bbd47fc00a2c39e90264f33305004495a9","hash":"d13fa2c3f799e015187228a19e8103d3af938b98"}
}
