TN:
SF:app\index.tsx
FN:7,Index
FNF:1
FNH:1
FNDA:4,Index
DA:8,4
DA:10,4
LF:2
LH:2
BRDA:8,0,0,0
BRF:1
BRH:0
end_of_record
TN:
SF:components\Button.tsx
FN:15,(anonymous_0)
FNF:1
FNH:1
FNDA:9,(anonymous_0)
DA:15,4
DA:22,9
DA:38,4
LF:3
LH:3
BRDA:17,0,0,9
BRDA:18,1,0,8
BRDA:25,2,0,0
BRDA:25,2,1,9
BRF:4
BRH:3
end_of_record
TN:
SF:components\Input.tsx
FN:17,(anonymous_0)
FNF:1
FNH:1
FNDA:17,(anonymous_0)
DA:17,4
DA:26,17
DA:63,4
LF:3
LH:3
BRDA:28,0,0,10
BRDA:28,0,1,7
BRDA:36,1,0,17
BRDA:36,1,1,1
BRDA:37,2,0,17
BRDA:37,2,1,4
BRDA:52,3,0,4
BRDA:52,3,1,13
BRF:8
BRH:8
end_of_record
TN:
SF:components\Layout.tsx
FN:13,(anonymous_0)
FNF:1
FNH:1
FNDA:7,(anonymous_0)
DA:13,3
DA:14,7
DA:29,3
LF:3
LH:3
BRF:0
BRH:0
end_of_record
TN:
SF:components\Modal.tsx
FN:23,(anonymous_0)
FNF:1
FNH:1
FNDA:3,(anonymous_0)
DA:15,1
DA:23,1
DA:24,3
DA:26,2
DA:58,1
LF:5
LH:5
BRDA:24,0,0,1
BRDA:24,0,1,2
BRF:2
BRH:2
end_of_record
TN:
SF:hooks\index.ts
FNF:0
FNH:0
LF:0
LH:0
BRF:0
BRH:0
end_of_record
TN:
SF:hooks\useProducts.ts
FN:11,(anonymous_0)
FN:19,(anonymous_1)
FN:23,(anonymous_2)
FN:26,(anonymous_3)
FN:29,(anonymous_4)
FN:32,(anonymous_5)
FN:41,(anonymous_6)
FN:44,(anonymous_7)
FN:53,(anonymous_8)
FN:58,(anonymous_9)
FN:70,(anonymous_10)
FN:72,(anonymous_11)
FNF:12
FNH:12
FNDA:2,(anonymous_0)
FNDA:1,(anonymous_1)
FNDA:3,(anonymous_2)
FNDA:3,(anonymous_3)
FNDA:1,(anonymous_4)
FNDA:1,(anonymous_5)
FNDA:3,(anonymous_6)
FNDA:1,(anonymous_7)
FNDA:1,(anonymous_8)
FNDA:4,(anonymous_9)
FNDA:3,(anonymous_10)
FNDA:1,(anonymous_11)
DA:9,1
DA:11,1
DA:12,2
DA:19,1
DA:20,1
DA:21,1
DA:23,3
DA:26,1
DA:27,3
DA:28,3
DA:30,1
DA:34,1
DA:36,1
DA:41,1
DA:42,3
DA:43,3
DA:51,1
DA:54,1
DA:58,1
DA:59,4
DA:60,1
DA:62,3
DA:65,1
DA:70,1
DA:71,3
DA:73,1
LF:26
LH:26
BRDA:34,0,0,1
BRDA:34,0,1,0
BRDA:59,1,0,1
BRDA:59,1,1,3
BRF:4
BRH:3
end_of_record
TN:
SF:services\index.ts
FNF:0
FNH:0
LF:0
LH:0
BRF:0
BRH:0
end_of_record
TN:
SF:services\products.service.ts
FN:9,(anonymous_0)
FN:9,(anonymous_1)
FN:17,(anonymous_2)
FN:27,(anonymous_3)
FN:36,(anonymous_4)
FN:53,(anonymous_5)
FNF:6
FNH:5
FNDA:2,(anonymous_0)
FNDA:1,(anonymous_1)
FNDA:0,(anonymous_2)
FNDA:1,(anonymous_3)
FNDA:1,(anonymous_4)
FNDA:1,(anonymous_5)
DA:9,2
DA:10,1
DA:14,1
DA:17,2
DA:18,0
DA:24,0
DA:27,2
DA:28,1
DA:33,1
DA:36,2
DA:40,1
DA:50,1
DA:53,2
DA:54,1
DA:60,1
LF:15
LH:13
BRF:0
BRH:0
end_of_record
TN:
SF:services\urls.ts
FNF:0
FNH:0
DA:1,2
LF:1
LH:1
BRF:0
BRH:0
end_of_record
TN:
SF:theme\palette.ts
FNF:0
FNH:0
DA:1,6
LF:1
LH:1
BRF:0
BRH:0
end_of_record
TN:
SF:utils\fetcher.ts
FN:3,(anonymous_0)
FNF:1
FNH:1
FNDA:4,(anonymous_0)
DA:3,3
DA:4,4
DA:5,1
DA:6,1
DA:8,3
DA:11,3
LF:6
LH:6
BRDA:4,0,0,1
BRDA:4,0,1,3
BRF:2
BRH:2
end_of_record
TN:
SF:utils\formatDate.ts
FN:3,(anonymous_0)
FNF:1
FNH:1
FNDA:6,(anonymous_0)
DA:3,2
DA:4,6
DA:5,4
LF:3
LH:3
BRDA:4,0,0,2
BRDA:4,0,1,4
BRF:2
BRH:2
end_of_record
TN:
SF:utils\index.ts
FNF:0
FNH:0
LF:0
LH:0
BRF:0
BRH:0
end_of_record
TN:
SF:views\Form\Form.tsx
FN:28,(anonymous_0)
FN:29,(anonymous_1)
FN:33,(anonymous_2)
FN:44,(anonymous_3)
FN:57,(anonymous_4)
FNF:5
FNH:4
FNDA:1,(anonymous_0)
FNDA:0,(anonymous_1)
FNDA:1,(anonymous_2)
FNDA:1,(anonymous_3)
FNDA:1,(anonymous_4)
DA:28,1
DA:29,1
DA:30,0
DA:33,1
DA:34,1
DA:44,1
DA:45,1
DA:48,1
DA:66,1
LF:9
LH:8
BRDA:35,0,0,1
BRDA:35,0,1,1
BRDA:36,1,0,1
BRDA:36,1,1,1
BRDA:37,2,0,1
BRDA:37,2,1,1
BRDA:38,3,0,1
BRDA:38,3,1,1
BRF:8
BRH:8
end_of_record
TN:
SF:views\Form\index.ts
FNF:0
FNH:0
LF:0
LH:0
BRF:0
BRH:0
end_of_record
TN:
SF:views\Form\styles.ts
FNF:0
FNH:0
LF:0
LH:0
BRF:0
BRH:0
end_of_record
TN:
SF:views\Form\validationSchema.ts
FN:13,(anonymous_0)
FN:20,(anonymous_1)
FN:34,(anonymous_2)
FN:54,(anonymous_3)
FNF:4
FNH:3
FNDA:1,(anonymous_0)
FNDA:0,(anonymous_1)
FNDA:1,(anonymous_2)
FNDA:1,(anonymous_3)
DA:13,1
DA:14,1
DA:21,0
DA:22,0
DA:35,1
DA:36,1
DA:38,0
DA:43,0
DA:55,1
DA:56,1
DA:58,0
DA:63,0
LF:12
LH:6
BRDA:35,0,0,1
BRDA:35,0,1,0
BRDA:41,1,0,0
BRDA:41,1,1,0
BRDA:49,2,0,0
BRDA:49,2,1,1
BRDA:55,3,0,1
BRDA:55,3,1,0
BRDA:61,4,0,0
BRDA:61,4,1,0
BRDA:69,5,0,0
BRDA:69,5,1,1
BRF:12
BRH:4
end_of_record
TN:
SF:views\Home\Home.tsx
FN:25,(anonymous_0)
FN:28,(anonymous_1)
FN:48,(anonymous_2)
FN:57,(anonymous_3)
FN:105,(anonymous_4)
FN:122,(anonymous_5)
FNF:6
FNH:6
FNDA:6,(anonymous_0)
FNDA:6,(anonymous_1)
FNDA:10,(anonymous_2)
FNDA:2,(anonymous_3)
FNDA:15,(anonymous_4)
FNDA:1,(anonymous_5)
DA:25,2
DA:26,6
DA:28,6
DA:29,6
DA:37,6
DA:39,6
DA:42,6
DA:49,10
DA:58,2
DA:105,15
DA:122,1
LF:11
LH:11
BRDA:39,0,0,0
BRDA:39,0,1,6
BRDA:52,1,0,10
BRDA:52,1,1,5
BRDA:53,2,0,10
BRDA:53,2,1,10
BRDA:53,2,2,5
BRDA:67,3,0,10
BRDA:67,3,1,0
BRDA:82,4,0,10
BRDA:82,4,1,0
BRDA:105,5,0,15
BRDA:105,5,1,0
BRF:13
BRH:9
end_of_record
TN:
SF:views\Home\index.ts
FNF:0
FNH:0
LF:0
LH:0
BRF:0
BRH:0
end_of_record
TN:
SF:views\Home\styles.ts
FNF:0
FNH:0
LF:0
LH:0
BRF:0
BRH:0
end_of_record
