TN:
SF:app\index.tsx
FN:7,Index
FNF:1
FNH:1
FNDA:4,Index
DA:8,4
DA:10,4
LF:2
LH:2
BRDA:8,0,0,0
BRF:1
BRH:0
end_of_record
TN:
SF:components\Button.tsx
FN:14,(anonymous_0)
FNF:1
FNH:1
FNDA:9,(anonymous_0)
DA:14,4
DA:20,9
DA:35,4
LF:3
LH:3
BRDA:16,0,0,9
BRDA:17,1,0,8
BRF:2
BRH:2
end_of_record
TN:
SF:components\Input.tsx
FN:17,(anonymous_0)
FNF:1
FNH:1
FNDA:17,(anonymous_0)
DA:17,4
DA:26,17
DA:63,4
LF:3
LH:3
BRDA:28,0,0,10
BRDA:28,0,1,7
BRDA:36,1,0,17
BRDA:36,1,1,1
BRDA:37,2,0,17
BRDA:37,2,1,4
BRDA:52,3,0,4
BRDA:52,3,1,13
BRF:8
BRH:8
end_of_record
TN:
SF:components\Layout.tsx
FN:13,(anonymous_0)
FNF:1
FNH:1
FNDA:7,(anonymous_0)
DA:13,3
DA:14,7
DA:29,3
LF:3
LH:3
BRF:0
BRH:0
end_of_record
TN:
SF:components\Modal.tsx
FN:23,(anonymous_0)
FNF:1
FNH:1
FNDA:3,(anonymous_0)
DA:15,1
DA:23,1
DA:24,3
DA:26,2
DA:58,1
LF:5
LH:5
BRDA:24,0,0,1
BRDA:24,0,1,2
BRF:2
BRH:2
end_of_record
TN:
SF:hooks\index.ts
FNF:0
FNH:0
LF:0
LH:0
BRF:0
BRH:0
end_of_record
TN:
SF:hooks\useProducts.ts
FN:10,(anonymous_0)
FN:21,(anonymous_1)
FN:25,(anonymous_2)
FN:28,(anonymous_3)
FN:34,(anonymous_4)
FN:36,(anonymous_5)
FN:41,(anonymous_6)
FN:43,(anonymous_7)
FN:54,(anonymous_8)
FN:56,(anonymous_9)
FNF:10
FNH:10
FNDA:2,(anonymous_0)
FNDA:1,(anonymous_1)
FNDA:2,(anonymous_2)
FNDA:2,(anonymous_3)
FNDA:3,(anonymous_4)
FNDA:1,(anonymous_5)
FNDA:3,(anonymous_6)
FNDA:1,(anonymous_7)
FNDA:3,(anonymous_8)
FNDA:1,(anonymous_9)
DA:8,1
DA:10,1
DA:11,2
DA:21,1
DA:22,1
DA:23,1
DA:25,2
DA:28,1
DA:29,2
DA:34,1
DA:35,3
DA:37,1
DA:41,1
DA:42,3
DA:50,1
DA:54,1
DA:55,3
DA:57,1
LF:18
LH:18
BRF:0
BRH:0
end_of_record
TN:
SF:services\index.ts
FNF:0
FNH:0
LF:0
LH:0
BRF:0
BRH:0
end_of_record
TN:
SF:services\products.service.ts
FN:9,(anonymous_0)
FN:9,(anonymous_1)
FN:17,(anonymous_2)
FN:17,(anonymous_3)
FN:27,(anonymous_4)
FN:36,(anonymous_5)
FN:49,(anonymous_6)
FNF:7
FNH:7
FNDA:2,(anonymous_0)
FNDA:1,(anonymous_1)
FNDA:2,(anonymous_2)
FNDA:1,(anonymous_3)
FNDA:1,(anonymous_4)
FNDA:1,(anonymous_5)
FNDA:1,(anonymous_6)
DA:9,2
DA:10,1
DA:14,1
DA:17,2
DA:18,1
DA:24,1
DA:27,1
DA:28,1
DA:33,1
DA:36,1
DA:40,1
DA:46,1
DA:49,1
DA:50,1
DA:56,1
LF:15
LH:15
BRF:0
BRH:0
end_of_record
TN:
SF:services\urls.ts
FNF:0
FNH:0
DA:1,1
LF:1
LH:1
BRF:0
BRH:0
end_of_record
TN:
SF:theme\palette.ts
FNF:0
FNH:0
DA:1,6
LF:1
LH:1
BRF:0
BRH:0
end_of_record
TN:
SF:utils\fetcher.ts
FN:3,(anonymous_0)
FNF:1
FNH:1
FNDA:4,(anonymous_0)
DA:3,3
DA:4,4
DA:5,1
DA:6,1
DA:8,3
DA:11,3
LF:6
LH:6
BRDA:4,0,0,1
BRDA:4,0,1,3
BRF:2
BRH:2
end_of_record
TN:
SF:utils\formatDate.ts
FN:3,(anonymous_0)
FNF:1
FNH:1
FNDA:6,(anonymous_0)
DA:3,2
DA:4,6
DA:5,4
LF:3
LH:3
BRDA:4,0,0,2
BRDA:4,0,1,4
BRF:2
BRH:2
end_of_record
TN:
SF:utils\index.ts
FNF:0
FNH:0
LF:0
LH:0
BRF:0
BRH:0
end_of_record
TN:
SF:views\Form\Form.tsx
FN:26,(anonymous_0)
FN:41,(anonymous_1)
FN:61,(anonymous_2)
FN:82,(anonymous_3)
FN:102,(anonymous_4)
FNF:5
FNH:4
FNDA:1,(anonymous_0)
FNDA:1,(anonymous_1)
FNDA:1,(anonymous_2)
FNDA:0,(anonymous_3)
FNDA:1,(anonymous_4)
DA:26,1
DA:27,1
DA:42,1
DA:43,1
DA:45,0
DA:50,0
DA:62,1
DA:63,1
DA:65,0
DA:70,0
DA:82,1
DA:83,0
DA:86,1
DA:110,1
LF:14
LH:9
BRDA:42,0,0,1
BRDA:42,0,1,0
BRDA:48,1,0,0
BRDA:48,1,1,0
BRDA:56,2,0,0
BRDA:56,2,1,1
BRDA:62,3,0,1
BRDA:62,3,1,0
BRDA:68,4,0,0
BRDA:68,4,1,0
BRDA:76,5,0,0
BRDA:76,5,1,1
BRDA:92,6,0,1
BRDA:92,6,1,1
BRDA:93,7,0,1
BRDA:93,7,1,1
BRDA:94,8,0,1
BRDA:94,8,1,1
BRDA:95,9,0,1
BRDA:95,9,1,1
BRF:20
BRH:12
end_of_record
TN:
SF:views\Form\index.ts
FNF:0
FNH:0
LF:0
LH:0
BRF:0
BRH:0
end_of_record
TN:
SF:views\Form\styles.ts
FNF:0
FNH:0
LF:0
LH:0
BRF:0
BRH:0
end_of_record
TN:
SF:views\Home\Home.tsx
FN:24,(anonymous_0)
FN:33,(anonymous_1)
FN:40,(anonymous_2)
FN:63,(anonymous_3)
FN:80,(anonymous_4)
FNF:5
FNH:5
FNDA:6,(anonymous_0)
FNDA:10,(anonymous_1)
FNDA:2,(anonymous_2)
FNDA:15,(anonymous_3)
FNDA:1,(anonymous_4)
DA:24,2
DA:25,6
DA:27,6
DA:34,10
DA:41,2
DA:63,15
DA:81,1
LF:7
LH:7
BRDA:37,0,0,10
BRDA:37,0,1,5
BRDA:38,1,0,10
BRDA:38,1,1,5
BRF:4
BRH:4
end_of_record
TN:
SF:views\Home\index.ts
FNF:0
FNH:0
LF:0
LH:0
BRF:0
BRH:0
end_of_record
TN:
SF:views\Home\styles.ts
FNF:0
FNH:0
LF:0
LH:0
BRF:0
BRH:0
end_of_record
